0 info it worked if it ends with ok
1 verbose cli [ 'C:\\Program Files\\nodejs\\\\node.exe',
1 verbose cli   'C:\\Program Files\\nodejs\\node_modules\\npm\\bin\\npm-cli.js',
1 verbose cli   'install',
1 verbose cli   'raix:handlebar-helpers' ]
2 info using npm@1.4.9
3 info using node@v0.10.28
4 verbose node symlink C:\Program Files\nodejs\\node.exe
5 verbose readDependencies using package.json deps
6 verbose cache add [ 'raix:handlebar-helpers', null ]
7 verbose cache add name=undefined spec="raix:handlebar-helpers" args=["raix:handlebar-helpers",null]
8 verbose parsed url { protocol: 'raix:',
8 verbose parsed url   slashes: null,
8 verbose parsed url   auth: null,
8 verbose parsed url   host: 'handlebar-helpers',
8 verbose parsed url   port: null,
8 verbose parsed url   hostname: 'handlebar-helpers',
8 verbose parsed url   hash: null,
8 verbose parsed url   search: null,
8 verbose parsed url   query: null,
8 verbose parsed url   pathname: null,
8 verbose parsed url   path: null,
8 verbose parsed url   href: 'raix:handlebar-helpers' }
9 silly lockFile f68b8571-raix-handlebar-helpers raix:handlebar-helpers
10 verbose lock raix:handlebar-helpers C:\Users\Marius\AppData\Roaming\npm-cache\f68b8571-raix-handlebar-helpers.lock
11 silly lockFile f68b8571-raix-handlebar-helpers raix:handlebar-helpers
12 silly lockFile f68b8571-raix-handlebar-helpers raix:handlebar-helpers
13 verbose addNamed [ 'raix:handlebar-helpers', '' ]
14 verbose addNamed [ null, '*' ]
15 silly lockFile f382dc00-raix-handlebar-helpers raix:handlebar-helpers@
16 verbose lock raix:handlebar-helpers@ C:\Users\Marius\AppData\Roaming\npm-cache\f382dc00-raix-handlebar-helpers.lock
17 silly addNameRange { name: 'raix:handlebar-helpers', range: '*', hasData: false }
18 verbose url raw raix:handlebar-helpers
19 verbose url resolving [ 'https://registry.npmjs.org/', './raix%3Ahandlebar-helpers' ]
20 verbose url resolved https://registry.npmjs.org/raix%3Ahandlebar-helpers
21 info trying registry request attempt 1 at 16:04:57
22 http GET https://registry.npmjs.org/raix%3Ahandlebar-helpers
23 info retry will retry, error on last attempt: Error: tunneling socket could not be established, cause=getaddrinfo ENOTFOUND
24 info trying registry request attempt 2 at 16:05:07
25 http GET https://registry.npmjs.org/raix%3Ahandlebar-helpers
26 info retry will retry, error on last attempt: Error: tunneling socket could not be established, cause=getaddrinfo ENOTFOUND
27 info trying registry request attempt 3 at 16:06:07
28 http GET https://registry.npmjs.org/raix%3Ahandlebar-helpers
29 silly lockFile f382dc00-raix-handlebar-helpers raix:handlebar-helpers@
30 silly lockFile f382dc00-raix-handlebar-helpers raix:handlebar-helpers@
31 error network tunneling socket could not be established, cause=getaddrinfo ENOTFOUND
31 error network This is most likely not a problem with npm itself
31 error network and is related to network connectivity.
31 error network In most cases you are behind a proxy or have bad network settings.
31 error network
31 error network If you are behind a proxy, please make sure that the
31 error network 'proxy' config is set properly.  See: 'npm help config'
32 error System Windows_NT 6.2.9200
33 error command "C:\\Program Files\\nodejs\\\\node.exe" "C:\\Program Files\\nodejs\\node_modules\\npm\\bin\\npm-cli.js" "install" "raix:handlebar-helpers"
34 error cwd E:\WebApps\jobcrawler
35 error node -v v0.10.28
36 error npm -v 1.4.9
37 error code ECONNRESET
38 verbose exit [ 1, true ]
