[[[[[ /var/www/webapps/jobcrawler ]]]]]

=> Started proxy.
[34mI20170120-17:13:13.835(2)? [39mundefined
[34mI20170120-17:13:14.683(2)? [39mwe have index
=> Started your app.

=> App running at: http://localhost:3001/
[34mI20170120-17:13:18.008(2)? [39mException from sub search id 4W3QoPyksEYktEQdD Error: Match error: Expected string, got undefined
[34mI20170120-17:13:18.010(2)? [39m    at exports.check (packages/check.js:57:15)
[34mI20170120-17:13:18.012(2)? [39m    at Subscription._handler (server/publish.js:24:3)
[34mI20170120-17:13:18.014(2)? [39m    at maybeAuditArgumentChecks (packages/ddp-server/livedata_server.js:1712:12)
[34mI20170120-17:13:18.015(2)? [39m    at Subscription._runHandler (packages/ddp-server/livedata_server.js:1027:17)
[34mI20170120-17:13:18.017(2)? [39m    at Session._startSubscription (packages/ddp-server/livedata_server.js:845:9)
[34mI20170120-17:13:18.019(2)? [39m    at Session.sub (packages/ddp-server/livedata_server.js:617:12)
[34mI20170120-17:13:18.021(2)? [39m    at packages/ddp-server/livedata_server.js:551:43
[34mI20170120-17:13:18.021(2)? [39mSanitized and reported to the client as: Match failed [400]
[34mI20170120-17:13:18.022(2)? [39m
[34mI20170120-17:16:34.604(2)? [39mException from sub search id MFsPd992FDbS2utoK Error: Match error: Expected string, got undefined
[34mI20170120-17:16:34.606(2)? [39m    at exports.check (packages/check.js:57:15)
[34mI20170120-17:16:34.607(2)? [39m    at Subscription._handler (server/publish.js:24:3)
[34mI20170120-17:16:34.608(2)? [39m    at maybeAuditArgumentChecks (packages/ddp-server/livedata_server.js:1712:12)
[34mI20170120-17:16:34.609(2)? [39m    at Subscription._runHandler (packages/ddp-server/livedata_server.js:1027:17)
[34mI20170120-17:16:34.611(2)? [39m    at Session._startSubscription (packages/ddp-server/livedata_server.js:845:9)
[34mI20170120-17:16:34.612(2)? [39m    at Session.sub (packages/ddp-server/livedata_server.js:617:12)
[34mI20170120-17:16:34.613(2)? [39m    at packages/ddp-server/livedata_server.js:551:43
[34mI20170120-17:16:34.615(2)? [39mSanitized and reported to the client as: Match failed [400]
[34mI20170120-17:16:34.616(2)? [39m
[34mI20170120-17:18:08.888(2)? [39mException from sub search id oNjaK8PpGznLFYvXX Error: Match error: Expected string, got undefined
[34mI20170120-17:18:08.889(2)? [39m    at exports.check (packages/check.js:57:15)
[34mI20170120-17:18:08.890(2)? [39m    at Subscription._handler (server/publish.js:24:3)
[34mI20170120-17:18:08.891(2)? [39m    at maybeAuditArgumentChecks (packages/ddp-server/livedata_server.js:1712:12)
[34mI20170120-17:18:08.892(2)? [39m    at Subscription._runHandler (packages/ddp-server/livedata_server.js:1027:17)
[34mI20170120-17:18:08.893(2)? [39m    at Session._startSubscription (packages/ddp-server/livedata_server.js:845:9)
[34mI20170120-17:18:08.896(2)? [39m    at Session.sub (packages/ddp-server/livedata_server.js:617:12)
[34mI20170120-17:18:08.897(2)? [39m    at packages/ddp-server/livedata_server.js:551:43
[34mI20170120-17:18:08.904(2)? [39mSanitized and reported to the client as: Match failed [400]
[34mI20170120-17:18:08.906(2)? [39m
[34mI20170125-16:01:25.871(2)? [39mException from sub search id va2WHW6MrN6GfavbT Error: Match error: Expected string, got undefined
[34mI20170125-16:01:25.880(2)? [39m    at exports.check (packages/check.js:57:15)
[34mI20170125-16:01:25.881(2)? [39m    at Subscription._handler (server/publish.js:24:3)
[34mI20170125-16:01:25.883(2)? [39m    at maybeAuditArgumentChecks (packages/ddp-server/livedata_server.js:1712:12)
[34mI20170125-16:01:25.884(2)? [39m    at Subscription._runHandler (packages/ddp-server/livedata_server.js:1027:17)
[34mI20170125-16:01:25.885(2)? [39m    at Session._startSubscription (packages/ddp-server/livedata_server.js:845:9)
[34mI20170125-16:01:25.886(2)? [39m    at Session.sub (packages/ddp-server/livedata_server.js:617:12)
[34mI20170125-16:01:25.888(2)? [39m    at packages/ddp-server/livedata_server.js:551:43
[34mI20170125-16:01:25.898(2)? [39mSanitized and reported to the client as: Match failed [400]
[34mI20170125-16:01:25.899(2)? [39m
[34mI20170125-16:01:29.410(2)? [39mException from sub search id kpSDnqJdX6n2qBBtZ Error: Match error: Expected string, got undefined
[34mI20170125-16:01:29.411(2)? [39m    at exports.check (packages/check.js:57:15)
[34mI20170125-16:01:29.413(2)? [39m    at Subscription._handler (server/publish.js:24:3)
[34mI20170125-16:01:29.414(2)? [39m    at maybeAuditArgumentChecks (packages/ddp-server/livedata_server.js:1712:12)
[34mI20170125-16:01:29.414(2)? [39m    at Subscription._runHandler (packages/ddp-server/livedata_server.js:1027:17)
[34mI20170125-16:01:29.415(2)? [39m    at Session._startSubscription (packages/ddp-server/livedata_server.js:845:9)
[34mI20170125-16:01:29.416(2)? [39m    at Session.sub (packages/ddp-server/livedata_server.js:617:12)
[34mI20170125-16:01:29.416(2)? [39m    at packages/ddp-server/livedata_server.js:551:43
[34mI20170125-16:01:29.417(2)? [39mSanitized and reported to the client as: Match failed [400]
[34mI20170125-16:01:29.418(2)? [39m
[34mI20170125-16:01:30.602(2)? [39mException from sub search id j6PXTYSMiFnP8xiHY Error: Match error: Expected string, got undefined
[34mI20170125-16:01:30.603(2)? [39m    at exports.check (packages/check.js:57:15)
[34mI20170125-16:01:30.606(2)? [39m    at Subscription._handler (server/publish.js:24:3)
[34mI20170125-16:01:30.607(2)? [39m    at maybeAuditArgumentChecks (packages/ddp-server/livedata_server.js:1712:12)
[34mI20170125-16:01:30.608(2)? [39m    at Subscription._runHandler (packages/ddp-server/livedata_server.js:1027:17)
[34mI20170125-16:01:30.609(2)? [39m    at Session._startSubscription (packages/ddp-server/livedata_server.js:845:9)
[34mI20170125-16:01:30.610(2)? [39m    at Session.sub (packages/ddp-server/livedata_server.js:617:12)
[34mI20170125-16:01:30.612(2)? [39m    at packages/ddp-server/livedata_server.js:551:43
[34mI20170125-16:01:30.614(2)? [39mSanitized and reported to the client as: Match failed [400]
[34mI20170125-16:01:30.615(2)? [39m
[34mI20170125-16:02:03.012(2)? [39mException from sub search id 5BtRRLheGNwWZwAvD Error: Match error: Expected string, got undefined
[34mI20170125-16:02:03.013(2)? [39m    at exports.check (packages/check.js:57:15)
[34mI20170125-16:02:03.014(2)? [39m    at Subscription._handler (server/publish.js:24:3)
[34mI20170125-16:02:03.015(2)? [39m    at maybeAuditArgumentChecks (packages/ddp-server/livedata_server.js:1712:12)
[34mI20170125-16:02:03.017(2)? [39m    at Subscription._runHandler (packages/ddp-server/livedata_server.js:1027:17)
[34mI20170125-16:02:03.018(2)? [39m    at Session._startSubscription (packages/ddp-server/livedata_server.js:845:9)
[34mI20170125-16:02:03.019(2)? [39m    at Session.sub (packages/ddp-server/livedata_server.js:617:12)
[34mI20170125-16:02:03.020(2)? [39m    at packages/ddp-server/livedata_server.js:551:43
[34mI20170125-16:02:03.027(2)? [39mSanitized and reported to the client as: Match failed [400]
[34mI20170125-16:02:03.027(2)? [39m
=> Client modified -- refreshing
[34mI20170125-16:05:01.732(2)? [39mException from sub search id 8p37pxySouMaAbhv5 Error: Match error: Expected string, got undefined
[34mI20170125-16:05:01.735(2)? [39m    at exports.check (packages/check.js:57:15)
[34mI20170125-16:05:01.736(2)? [39m    at Subscription._handler (server/publish.js:24:3)
[34mI20170125-16:05:01.736(2)? [39m    at maybeAuditArgumentChecks (packages/ddp-server/livedata_server.js:1712:12)
[34mI20170125-16:05:01.737(2)? [39m    at Subscription._runHandler (packages/ddp-server/livedata_server.js:1027:17)
[34mI20170125-16:05:01.737(2)? [39m    at Session._startSubscription (packages/ddp-server/livedata_server.js:845:9)
[34mI20170125-16:05:01.739(2)? [39m    at Session.sub (packages/ddp-server/livedata_server.js:617:12)
[34mI20170125-16:05:01.739(2)? [39m    at packages/ddp-server/livedata_server.js:551:43
[34mI20170125-16:05:01.746(2)? [39mSanitized and reported to the client as: Match failed [400]
[34mI20170125-16:05:01.747(2)? [39m
[34mI20170125-16:05:05.030(2)? [39mException from sub search id 5jg8GX9pe9sCk2e4G Error: Match error: Expected string, got undefined
[34mI20170125-16:05:05.032(2)? [39m    at exports.check (packages/check.js:57:15)
[34mI20170125-16:05:05.034(2)? [39m    at Subscription._handler (server/publish.js:24:3)
[34mI20170125-16:05:05.035(2)? [39m    at maybeAuditArgumentChecks (packages/ddp-server/livedata_server.js:1712:12)
[34mI20170125-16:05:05.037(2)? [39m    at Subscription._runHandler (packages/ddp-server/livedata_server.js:1027:17)
[34mI20170125-16:05:05.038(2)? [39m    at Session._startSubscription (packages/ddp-server/livedata_server.js:845:9)
[34mI20170125-16:05:05.041(2)? [39m    at Session.sub (packages/ddp-server/livedata_server.js:617:12)
[34mI20170125-16:05:05.043(2)? [39m    at packages/ddp-server/livedata_server.js:551:43
[34mI20170125-16:05:05.044(2)? [39mSanitized and reported to the client as: Match failed [400]
[34mI20170125-16:05:05.048(2)? [39m
=> Client modified -- refreshing
[34mI20170125-16:08:00.919(2)? [39mException from sub search id tX7p9NNXJpdAJycAs Error: Match error: Expected string, got undefined
[34mI20170125-16:08:00.924(2)? [39m    at exports.check (packages/check.js:57:15)
[34mI20170125-16:08:00.926(2)? [39m    at Subscription._handler (server/publish.js:24:3)
[34mI20170125-16:08:00.927(2)? [39m    at maybeAuditArgumentChecks (packages/ddp-server/livedata_server.js:1712:12)
[34mI20170125-16:08:00.929(2)? [39m    at Subscription._runHandler (packages/ddp-server/livedata_server.js:1027:17)
[34mI20170125-16:08:00.930(2)? [39m    at Session._startSubscription (packages/ddp-server/livedata_server.js:845:9)
[34mI20170125-16:08:00.934(2)? [39m    at Session.sub (packages/ddp-server/livedata_server.js:617:12)
[34mI20170125-16:08:00.935(2)? [39m    at packages/ddp-server/livedata_server.js:551:43
[34mI20170125-16:08:00.941(2)? [39mSanitized and reported to the client as: Match failed [400]
[34mI20170125-16:08:00.942(2)? [39m
[34mI20170125-16:08:11.770(2)? [39mException from sub search id 93uchFXcq8mRHgKAw Error: Match error: Expected string, got undefined
[34mI20170125-16:08:11.771(2)? [39m    at exports.check (packages/check.js:57:15)
[34mI20170125-16:08:11.773(2)? [39m    at Subscription._handler (server/publish.js:24:3)
[34mI20170125-16:08:11.773(2)? [39m    at maybeAuditArgumentChecks (packages/ddp-server/livedata_server.js:1712:12)
[34mI20170125-16:08:11.774(2)? [39m    at Subscription._runHandler (packages/ddp-server/livedata_server.js:1027:17)
[34mI20170125-16:08:11.775(2)? [39m    at Session._startSubscription (packages/ddp-server/livedata_server.js:845:9)
[34mI20170125-16:08:11.776(2)? [39m    at Session.sub (packages/ddp-server/livedata_server.js:617:12)
[34mI20170125-16:08:11.776(2)? [39m    at packages/ddp-server/livedata_server.js:551:43
[34mI20170125-16:08:11.782(2)? [39mSanitized and reported to the client as: Match failed [400]
[34mI20170125-16:08:11.783(2)? [39m
[34mI20170125-16:08:14.837(2)? [39mException from sub search id 7bKf5KjoNXkXLRZd9 Error: Match error: Expected string, got undefined
[34mI20170125-16:08:14.837(2)? [39m    at exports.check (packages/check.js:57:15)
[34mI20170125-16:08:14.838(2)? [39m    at Subscription._handler (server/publish.js:24:3)
[34mI20170125-16:08:14.839(2)? [39m    at maybeAuditArgumentChecks (packages/ddp-server/livedata_server.js:1712:12)
[34mI20170125-16:08:14.840(2)? [39m    at Subscription._runHandler (packages/ddp-server/livedata_server.js:1027:17)
[34mI20170125-16:08:14.840(2)? [39m    at Session._startSubscription (packages/ddp-server/livedata_server.js:845:9)
[34mI20170125-16:08:14.848(2)? [39m    at Session.sub (packages/ddp-server/livedata_server.js:617:12)
[34mI20170125-16:08:14.849(2)? [39m    at packages/ddp-server/livedata_server.js:551:43
[34mI20170125-16:08:14.850(2)? [39mSanitized and reported to the client as: Match failed [400]
[34mI20170125-16:08:14.851(2)? [39m
[34mI20170125-16:08:18.938(2)? [39mException from sub search id nXiyJPewq89uhTkFb Error: Match error: Expected string, got undefined
[34mI20170125-16:08:18.939(2)? [39m    at exports.check (packages/check.js:57:15)
[34mI20170125-16:08:18.939(2)? [39m    at Subscription._handler (server/publish.js:24:3)
[34mI20170125-16:08:18.940(2)? [39m    at maybeAuditArgumentChecks (packages/ddp-server/livedata_server.js:1712:12)
[34mI20170125-16:08:18.940(2)? [39m    at Subscription._runHandler (packages/ddp-server/livedata_server.js:1027:17)
[34mI20170125-16:08:18.941(2)? [39m    at Session._startSubscription (packages/ddp-server/livedata_server.js:845:9)
[34mI20170125-16:08:18.942(2)? [39m    at Session.sub (packages/ddp-server/livedata_server.js:617:12)
[34mI20170125-16:08:18.942(2)? [39m    at packages/ddp-server/livedata_server.js:551:43
[34mI20170125-16:08:18.944(2)? [39mSanitized and reported to the client as: Match failed [400]
[34mI20170125-16:08:18.945(2)? [39m
=> Client modified -- refreshing=> Client modified -- refreshing (x2)
=> Errors prevented startup:
   
   While processing files with templating-compiler (for target web.browser):
   client/joblist.html:140: Expected "div" end tag
   ...View Details</button>                                         </div>
   ...
   ^
   
=> Your application has errors. Waiting for file change.
=> Modified -- restarting.
[34mI20170125-16:09:52.315(2)? [39mundefined
[34mI20170125-16:09:52.338(2)? [39mwe have index
=> Meteor server restarted
[34mI20170125-16:10:04.500(2)? [39mException from sub search id 3mio6Dj5S6QKnEAW5 Error: Match error: Expected string, got undefined
[34mI20170125-16:10:04.502(2)? [39m    at exports.check (packages/check.js:57:15)
[34mI20170125-16:10:04.504(2)? [39m    at Subscription._handler (server/publish.js:24:3)
[34mI20170125-16:10:04.506(2)? [39m    at maybeAuditArgumentChecks (packages/ddp-server/livedata_server.js:1712:12)
[34mI20170125-16:10:04.507(2)? [39m    at Subscription._runHandler (packages/ddp-server/livedata_server.js:1027:17)
[34mI20170125-16:10:04.509(2)? [39m    at Session._startSubscription (packages/ddp-server/livedata_server.js:845:9)
[34mI20170125-16:10:04.511(2)? [39m    at Session.sub (packages/ddp-server/livedata_server.js:617:12)
[34mI20170125-16:10:04.512(2)? [39m    at packages/ddp-server/livedata_server.js:551:43
[34mI20170125-16:10:04.513(2)? [39mSanitized and reported to the client as: Match failed [400]
[34mI20170125-16:10:04.514(2)? [39m
[34mI20170125-16:10:34.659(2)? [39mException from sub search id zHBugcJCYec8nbvmd Error: Match error: Expected string, got undefined
[34mI20170125-16:10:34.660(2)? [39m    at exports.check (packages/check.js:57:15)
[34mI20170125-16:10:34.661(2)? [39m    at Subscription._handler (server/publish.js:24:3)
[34mI20170125-16:10:34.662(2)? [39m    at maybeAuditArgumentChecks (packages/ddp-server/livedata_server.js:1712:12)
[34mI20170125-16:10:34.663(2)? [39m    at Subscription._runHandler (packages/ddp-server/livedata_server.js:1027:17)
[34mI20170125-16:10:34.664(2)? [39m    at Session._startSubscription (packages/ddp-server/livedata_server.js:845:9)
[34mI20170125-16:10:34.665(2)? [39m    at Session.sub (packages/ddp-server/livedata_server.js:617:12)
[34mI20170125-16:10:34.666(2)? [39m    at packages/ddp-server/livedata_server.js:551:43
[34mI20170125-16:10:34.667(2)? [39mSanitized and reported to the client as: Match failed [400]
[34mI20170125-16:10:34.667(2)? [39m
=> Client modified -- refreshing
[34mI20170125-16:12:47.737(2)? [39mException from sub search id e3RzoTqi5kimFSkGY Error: Match error: Expected string, got undefined
[34mI20170125-16:12:47.738(2)? [39m    at exports.check (packages/check.js:57:15)
[34mI20170125-16:12:47.738(2)? [39m    at Subscription._handler (server/publish.js:24:3)
[34mI20170125-16:12:47.739(2)? [39m    at maybeAuditArgumentChecks (packages/ddp-server/livedata_server.js:1712:12)
[34mI20170125-16:12:47.739(2)? [39m    at Subscription._runHandler (packages/ddp-server/livedata_server.js:1027:17)
[34mI20170125-16:12:47.740(2)? [39m    at Session._startSubscription (packages/ddp-server/livedata_server.js:845:9)
[34mI20170125-16:12:47.742(2)? [39m    at Session.sub (packages/ddp-server/livedata_server.js:617:12)
[34mI20170125-16:12:47.743(2)? [39m    at packages/ddp-server/livedata_server.js:551:43
[34mI20170125-16:12:47.749(2)? [39mSanitized and reported to the client as: Match failed [400]
[34mI20170125-16:12:47.750(2)? [39m
=> Client modified -- refreshing=> Client modified -- refreshing (x2)
[34mI20170125-16:16:37.342(2)? [39mException from sub search id mPq8q4atqDJuAtfsc Error: Match error: Expected string, got undefined
[34mI20170125-16:16:37.349(2)? [39m    at exports.check (packages/check.js:57:15)
[34mI20170125-16:16:37.350(2)? [39m    at Subscription._handler (server/publish.js:24:3)
[34mI20170125-16:16:37.351(2)? [39m    at maybeAuditArgumentChecks (packages/ddp-server/livedata_server.js:1712:12)
[34mI20170125-16:16:37.352(2)? [39m    at Subscription._runHandler (packages/ddp-server/livedata_server.js:1027:17)
[34mI20170125-16:16:37.353(2)? [39m    at Session._startSubscription (packages/ddp-server/livedata_server.js:845:9)
[34mI20170125-16:16:37.353(2)? [39m    at Session.sub (packages/ddp-server/livedata_server.js:617:12)
[34mI20170125-16:16:37.354(2)? [39m    at packages/ddp-server/livedata_server.js:551:43
[34mI20170125-16:16:37.360(2)? [39mSanitized and reported to the client as: Match failed [400]
[34mI20170125-16:16:37.361(2)? [39m
[34mI20170125-16:16:40.717(2)? [39mException from sub search id RdDgSkYtSdgPkFLFA Error: Match error: Expected string, got undefined
[34mI20170125-16:16:40.718(2)? [39m    at exports.check (packages/check.js:57:15)
[34mI20170125-16:16:40.719(2)? [39m    at Subscription._handler (server/publish.js:24:3)
[34mI20170125-16:16:40.719(2)? [39m    at maybeAuditArgumentChecks (packages/ddp-server/livedata_server.js:1712:12)
[34mI20170125-16:16:40.720(2)? [39m    at Subscription._runHandler (packages/ddp-server/livedata_server.js:1027:17)
[34mI20170125-16:16:40.720(2)? [39m    at Session._startSubscription (packages/ddp-server/livedata_server.js:845:9)
[34mI20170125-16:16:40.721(2)? [39m    at Session.sub (packages/ddp-server/livedata_server.js:617:12)
[34mI20170125-16:16:40.721(2)? [39m    at packages/ddp-server/livedata_server.js:551:43
[34mI20170125-16:16:40.721(2)? [39mSanitized and reported to the client as: Match failed [400]
[34mI20170125-16:16:40.729(2)? [39m
=> Client modified -- refreshing=> Client modified -- refreshing (x2)=> Client modified -- refreshing (x3)
[34mI20170125-16:23:50.117(2)? [39mException from sub search id r4dwWhCz6YL39Z4w7 Error: Match error: Expected string, got undefined
[34mI20170125-16:23:50.124(2)? [39m    at exports.check (packages/check.js:57:15)
[34mI20170125-16:23:50.129(2)? [39m    at Subscription._handler (server/publish.js:24:3)
[34mI20170125-16:23:50.130(2)? [39m    at maybeAuditArgumentChecks (packages/ddp-server/livedata_server.js:1712:12)
[34mI20170125-16:23:50.130(2)? [39m    at Subscription._runHandler (packages/ddp-server/livedata_server.js:1027:17)
[34mI20170125-16:23:50.131(2)? [39m    at Session._startSubscription (packages/ddp-server/livedata_server.js:845:9)
[34mI20170125-16:23:50.132(2)? [39m    at Session.sub (packages/ddp-server/livedata_server.js:617:12)
[34mI20170125-16:23:50.133(2)? [39m    at packages/ddp-server/livedata_server.js:551:43
[34mI20170125-16:23:50.133(2)? [39mSanitized and reported to the client as: Match failed [400]
[34mI20170125-16:23:50.134(2)? [39m
[34mI20170125-16:25:48.274(2)? [39mException from sub search id 7xgDDDccYGFajyzNh Error: Match error: Expected string, got undefined
[34mI20170125-16:25:48.275(2)? [39m    at exports.check (packages/check.js:57:15)
[34mI20170125-16:25:48.275(2)? [39m    at Subscription._handler (server/publish.js:24:3)
[34mI20170125-16:25:48.276(2)? [39m    at maybeAuditArgumentChecks (packages/ddp-server/livedata_server.js:1712:12)
[34mI20170125-16:25:48.280(2)? [39m    at Subscription._runHandler (packages/ddp-server/livedata_server.js:1027:17)
[34mI20170125-16:25:48.281(2)? [39m    at Session._startSubscription (packages/ddp-server/livedata_server.js:845:9)
[34mI20170125-16:25:48.281(2)? [39m    at Session.sub (packages/ddp-server/livedata_server.js:617:12)
[34mI20170125-16:25:48.282(2)? [39m    at packages/ddp-server/livedata_server.js:551:43
[34mI20170125-16:25:48.283(2)? [39mSanitized and reported to the client as: Match failed [400]
[34mI20170125-16:25:48.283(2)? [39m
=> Client modified -- refreshing
[34mI20170125-16:26:57.620(2)? [39mException from sub search id veyjBnKhxfAyLCBwP Error: Match error: Expected string, got undefined
[34mI20170125-16:26:57.622(2)? [39m    at exports.check (packages/check.js:57:15)
[34mI20170125-16:26:57.622(2)? [39m    at Subscription._handler (server/publish.js:24:3)
[34mI20170125-16:26:57.623(2)? [39m    at maybeAuditArgumentChecks (packages/ddp-server/livedata_server.js:1712:12)
[34mI20170125-16:26:57.623(2)? [39m    at Subscription._runHandler (packages/ddp-server/livedata_server.js:1027:17)
[34mI20170125-16:26:57.623(2)? [39m    at Session._startSubscription (packages/ddp-server/livedata_server.js:845:9)
[34mI20170125-16:26:57.623(2)? [39m    at Session.sub (packages/ddp-server/livedata_server.js:617:12)
[34mI20170125-16:26:57.625(2)? [39m    at packages/ddp-server/livedata_server.js:551:43
[34mI20170125-16:26:57.632(2)? [39mSanitized and reported to the client as: Match failed [400]
[34mI20170125-16:26:57.635(2)? [39m
=> Client modified -- refreshing
[34mI20170125-16:29:59.603(2)? [39mException from sub search id DpSx4KzNowAuqJ43H Error: Match error: Expected string, got undefined
[34mI20170125-16:29:59.605(2)? [39m    at exports.check (packages/check.js:57:15)
[34mI20170125-16:29:59.606(2)? [39m    at Subscription._handler (server/publish.js:24:3)
[34mI20170125-16:29:59.606(2)? [39m    at maybeAuditArgumentChecks (packages/ddp-server/livedata_server.js:1712:12)
[34mI20170125-16:29:59.607(2)? [39m    at Subscription._runHandler (packages/ddp-server/livedata_server.js:1027:17)
[34mI20170125-16:29:59.608(2)? [39m    at Session._startSubscription (packages/ddp-server/livedata_server.js:845:9)
[34mI20170125-16:29:59.608(2)? [39m    at Session.sub (packages/ddp-server/livedata_server.js:617:12)
[34mI20170125-16:29:59.611(2)? [39m    at packages/ddp-server/livedata_server.js:551:43
[34mI20170125-16:29:59.612(2)? [39mSanitized and reported to the client as: Match failed [400]
[34mI20170125-16:29:59.613(2)? [39m
=> Server modified -- restarting...                                   [34mI20170125-16:59:19.264(2)? [39mundefined
[34mI20170125-16:59:19.291(2)? [39mwe have index
=> Meteor server restarted
[34mI20170125-16:59:44.800(2)? [39mException from sub search id DyRSrKn4bFK5cK88H Error: Match error: Expected string, got undefined
[34mI20170125-16:59:44.802(2)? [39m    at exports.check (packages/check.js:57:15)
[34mI20170125-16:59:44.803(2)? [39m    at Subscription._handler (server/publish.js:24:3)
[34mI20170125-16:59:44.806(2)? [39m    at maybeAuditArgumentChecks (packages/ddp-server/livedata_server.js:1712:12)
[34mI20170125-16:59:44.807(2)? [39m    at Subscription._runHandler (packages/ddp-server/livedata_server.js:1027:17)
[34mI20170125-16:59:44.808(2)? [39m    at Session._startSubscription (packages/ddp-server/livedata_server.js:845:9)
[34mI20170125-16:59:44.809(2)? [39m    at Session.sub (packages/ddp-server/livedata_server.js:617:12)
[34mI20170125-16:59:44.810(2)? [39m    at packages/ddp-server/livedata_server.js:551:43
[34mI20170125-16:59:44.812(2)? [39mSanitized and reported to the client as: Match failed [400]
[34mI20170125-16:59:44.813(2)? [39m
=> Client modified -- refreshing
[34mI20170125-17:17:30.124(2)? [39mException from sub search id n3KsfcQwgwfJMrpDS Error: Match error: Expected string, got undefined
[34mI20170125-17:17:30.126(2)? [39m    at exports.check (packages/check.js:57:15)
[34mI20170125-17:17:30.127(2)? [39m    at Subscription._handler (server/publish.js:24:3)
[34mI20170125-17:17:30.128(2)? [39m    at maybeAuditArgumentChecks (packages/ddp-server/livedata_server.js:1712:12)
[34mI20170125-17:17:30.128(2)? [39m    at Subscription._runHandler (packages/ddp-server/livedata_server.js:1027:17)
[34mI20170125-17:17:30.130(2)? [39m    at Session._startSubscription (packages/ddp-server/livedata_server.js:845:9)
[34mI20170125-17:17:30.131(2)? [39m    at Session.sub (packages/ddp-server/livedata_server.js:617:12)
[34mI20170125-17:17:30.132(2)? [39m    at packages/ddp-server/livedata_server.js:551:43
[34mI20170125-17:17:30.137(2)? [39mSanitized and reported to the client as: Match failed [400]
[34mI20170125-17:17:30.138(2)? [39m
=> Server modified -- restarting...                                   [34mW20170125-17:19:27.790(2)? (STDERR) [39m[35m/home/eumb/.meteor/packages/meteor-tool/.1.4.2_3.17tso1e++os.linux.x86_64+web.browser+web.cordova/mt-os.linux.x86_64/dev_bundle/server-lib/node_modules/fibers/future.js:280[39m
[34mW20170125-17:19:27.792(2)? (STDERR) [39m[35m						throw(ex);[39m
[34mW20170125-17:19:27.794(2)? (STDERR) [39m[35m						^[39m
[34mW20170125-17:19:27.795(2)? (STDERR) [39m[35m[39m
[34mW20170125-17:19:27.796(2)? (STDERR) [39m[35mError: Invalid definition for autoform field.[39m
[34mW20170125-17:19:27.802(2)? (STDERR) [39m[35m    at packages/aldeed_simple-schema.js:1429:13[39m
[34mW20170125-17:19:27.803(2)? (STDERR) [39m[35m    at Function._.each._.forEach (packages/underscore.js:147:22)[39m
[34mW20170125-17:19:27.804(2)? (STDERR) [39m[35m    at [object Object].SimpleSchema (packages/aldeed_simple-schema.js:1426:5)[39m
[34mW20170125-17:19:27.805(2)? (STDERR) [39m[35m    at meteorInstall.collections.collections.js (collections/collections.js:20:17)[39m
[34mW20170125-17:19:27.806(2)? (STDERR) [39m[35m    at fileEvaluate (packages/modules-runtime.js:188:9)[39m
[34mW20170125-17:19:27.806(2)? (STDERR) [39m[35m    at require (packages/modules-runtime.js:111:16)[39m
[34mW20170125-17:19:27.807(2)? (STDERR) [39m[35m    at /var/www/webapps/jobcrawler/.meteor/local/build/programs/server/app/app.js:970:1[39m
[34mW20170125-17:19:27.808(2)? (STDERR) [39m[35m    at /var/www/webapps/jobcrawler/.meteor/local/build/programs/server/boot.js:295:34[39m
[34mW20170125-17:19:27.810(2)? (STDERR) [39m[35m    at Array.forEach (native)[39m
[34mW20170125-17:19:27.818(2)? (STDERR) [39m[35m    at Function._.each._.forEach (/home/eumb/.meteor/packages/meteor-tool/.1.4.2_3.17tso1e++os.linux.x86_64+web.browser+web.cordova/mt-os.linux.x86_64/dev_bundle/server-lib/node_modules/underscore/underscore.js:79:11)[39m
=> Exited with code: 1
[34mW20170125-17:19:35.093(2)? (STDERR) [39m[35m/home/eumb/.meteor/packages/meteor-tool/.1.4.2_3.17tso1e++os.linux.x86_64+web.browser+web.cordova/mt-os.linux.x86_64/dev_bundle/server-lib/node_modules/fibers/future.js:280[39m
[34mW20170125-17:19:35.094(2)? (STDERR) [39m[35m						throw(ex);[39m
[34mW20170125-17:19:35.095(2)? (STDERR) [39m[35m						^[39m
[34mW20170125-17:19:35.095(2)? (STDERR) [39m[35m[39m
[34mW20170125-17:19:35.096(2)? (STDERR) [39m[35mError: Invalid definition for autoform field.[39m
[34mW20170125-17:19:35.096(2)? (STDERR) [39m[35m    at packages/aldeed_simple-schema.js:1429:13[39m
[34mW20170125-17:19:35.098(2)? (STDERR) [39m[35m    at Function._.each._.forEach (packages/underscore.js:147:22)[39m
[34mW20170125-17:19:35.099(2)? (STDERR) [39m[35m    at [object Object].SimpleSchema (packages/aldeed_simple-schema.js:1426:5)[39m
[34mW20170125-17:19:35.100(2)? (STDERR) [39m[35m    at meteorInstall.collections.collections.js (collections/collections.js:20:17)[39m
[34mW20170125-17:19:35.102(2)? (STDERR) [39m[35m    at fileEvaluate (packages/modules-runtime.js:188:9)[39m
[34mW20170125-17:19:35.103(2)? (STDERR) [39m[35m    at require (packages/modules-runtime.js:111:16)[39m
[34mW20170125-17:19:35.104(2)? (STDERR) [39m[35m    at /var/www/webapps/jobcrawler/.meteor/local/build/programs/server/app/app.js:970:1[39m
[34mW20170125-17:19:35.106(2)? (STDERR) [39m[35m    at /var/www/webapps/jobcrawler/.meteor/local/build/programs/server/boot.js:295:34[39m
[34mW20170125-17:19:35.106(2)? (STDERR) [39m[35m    at Array.forEach (native)[39m
[34mW20170125-17:19:35.108(2)? (STDERR) [39m[35m    at Function._.each._.forEach (/home/eumb/.meteor/packages/meteor-tool/.1.4.2_3.17tso1e++os.linux.x86_64+web.browser+web.cordova/mt-os.linux.x86_64/dev_bundle/server-lib/node_modules/underscore/underscore.js:79:11)[39m
=> Exited with code: 1
[34mW20170125-17:19:42.494(2)? (STDERR) [39m[35m/home/eumb/.meteor/packages/meteor-tool/.1.4.2_3.17tso1e++os.linux.x86_64+web.browser+web.cordova/mt-os.linux.x86_64/dev_bundle/server-lib/node_modules/fibers/future.js:280[39m
[34mW20170125-17:19:42.495(2)? (STDERR) [39m[35m						throw(ex);[39m
[34mW20170125-17:19:42.496(2)? (STDERR) [39m[35m						^[39m
[34mW20170125-17:19:42.497(2)? (STDERR) [39m[35m[39m
[34mW20170125-17:19:42.498(2)? (STDERR) [39m[35mError: Invalid definition for autoform field.[39m
[34mW20170125-17:19:42.500(2)? (STDERR) [39m[35m    at packages/aldeed_simple-schema.js:1429:13[39m
[34mW20170125-17:19:42.501(2)? (STDERR) [39m[35m    at Function._.each._.forEach (packages/underscore.js:147:22)[39m
[34mW20170125-17:19:42.502(2)? (STDERR) [39m[35m    at [object Object].SimpleSchema (packages/aldeed_simple-schema.js:1426:5)[39m
[34mW20170125-17:19:42.503(2)? (STDERR) [39m[35m    at meteorInstall.collections.collections.js (collections/collections.js:20:17)[39m
[34mW20170125-17:19:42.504(2)? (STDERR) [39m[35m    at fileEvaluate (packages/modules-runtime.js:188:9)[39m
[34mW20170125-17:19:42.512(2)? (STDERR) [39m[35m    at require (packages/modules-runtime.js:111:16)[39m
[34mW20170125-17:19:42.513(2)? (STDERR) [39m[35m    at /var/www/webapps/jobcrawler/.meteor/local/build/programs/server/app/app.js:970:1[39m
[34mW20170125-17:19:42.514(2)? (STDERR) [39m[35m    at /var/www/webapps/jobcrawler/.meteor/local/build/programs/server/boot.js:295:34[39m
[34mW20170125-17:19:42.515(2)? (STDERR) [39m[35m    at Array.forEach (native)[39m
[34mW20170125-17:19:42.516(2)? (STDERR) [39m[35m    at Function._.each._.forEach (/home/eumb/.meteor/packages/meteor-tool/.1.4.2_3.17tso1e++os.linux.x86_64+web.browser+web.cordova/mt-os.linux.x86_64/dev_bundle/server-lib/node_modules/underscore/underscore.js:79:11)[39m
=> Exited with code: 1
=> Your application is crashing. Waiting for file change.
=> Modified -- restarting.
[34mW20170125-17:28:19.841(2)? (STDERR) [39m[35m/home/eumb/.meteor/packages/meteor-tool/.1.4.2_3.17tso1e++os.linux.x86_64+web.browser+web.cordova/mt-os.linux.x86_64/dev_bundle/server-lib/node_modules/fibers/future.js:280[39m
[34mW20170125-17:28:19.843(2)? (STDERR) [39m[35m						throw(ex);[39m
[34mW20170125-17:28:19.851(2)? (STDERR) [39m[35m						^[39m
[34mW20170125-17:28:19.852(2)? (STDERR) [39m[35m[39m
[34mW20170125-17:28:19.852(2)? (STDERR) [39m[35mError: Invalid definition for label field.[39m
[34mW20170125-17:28:19.853(2)? (STDERR) [39m[35m    at packages/aldeed_simple-schema.js:1429:13[39m
[34mW20170125-17:28:19.853(2)? (STDERR) [39m[35m    at Function._.each._.forEach (packages/underscore.js:147:22)[39m
[34mW20170125-17:28:19.853(2)? (STDERR) [39m[35m    at [object Object].SimpleSchema (packages/aldeed_simple-schema.js:1426:5)[39m
[34mW20170125-17:28:19.854(2)? (STDERR) [39m[35m    at meteorInstall.collections.collections.js (collections/collections.js:20:17)[39m
[34mW20170125-17:28:19.854(2)? (STDERR) [39m[35m    at fileEvaluate (packages/modules-runtime.js:188:9)[39m
[34mW20170125-17:28:19.854(2)? (STDERR) [39m[35m    at require (packages/modules-runtime.js:111:16)[39m
[34mW20170125-17:28:19.855(2)? (STDERR) [39m[35m    at /var/www/webapps/jobcrawler/.meteor/local/build/programs/server/app/app.js:970:1[39m
[34mW20170125-17:28:19.856(2)? (STDERR) [39m[35m    at /var/www/webapps/jobcrawler/.meteor/local/build/programs/server/boot.js:295:34[39m
[34mW20170125-17:28:19.856(2)? (STDERR) [39m[35m    at Array.forEach (native)[39m
[34mW20170125-17:28:19.856(2)? (STDERR) [39m[35m    at Function._.each._.forEach (/home/eumb/.meteor/packages/meteor-tool/.1.4.2_3.17tso1e++os.linux.x86_64+web.browser+web.cordova/mt-os.linux.x86_64/dev_bundle/server-lib/node_modules/underscore/underscore.js:79:11)[39m
=> Exited with code: 1
=> Your application is crashing. Waiting for file change.
=> Modified -- restarting.
[34mW20170125-17:29:53.384(2)? (STDERR) [39m[35m/home/eumb/.meteor/packages/meteor-tool/.1.4.2_3.17tso1e++os.linux.x86_64+web.browser+web.cordova/mt-os.linux.x86_64/dev_bundle/server-lib/node_modules/fibers/future.js:280[39m
[34mW20170125-17:29:53.385(2)? (STDERR) [39m[35m						throw(ex);[39m
[34mW20170125-17:29:53.386(2)? (STDERR) [39m[35m						^[39m
[34mW20170125-17:29:53.387(2)? (STDERR) [39m[35m[39m
[34mW20170125-17:29:53.388(2)? (STDERR) [39m[35mError: Invalid definition for autoform field.[39m
[34mW20170125-17:29:53.388(2)? (STDERR) [39m[35m    at packages/aldeed_simple-schema.js:1429:13[39m
[34mW20170125-17:29:53.389(2)? (STDERR) [39m[35m    at Function._.each._.forEach (packages/underscore.js:147:22)[39m
[34mW20170125-17:29:53.390(2)? (STDERR) [39m[35m    at [object Object].SimpleSchema (packages/aldeed_simple-schema.js:1426:5)[39m
[34mW20170125-17:29:53.393(2)? (STDERR) [39m[35m    at meteorInstall.collections.collections.js (collections/collections.js:20:17)[39m
[34mW20170125-17:29:53.395(2)? (STDERR) [39m[35m    at fileEvaluate (packages/modules-runtime.js:188:9)[39m
[34mW20170125-17:29:53.397(2)? (STDERR) [39m[35m    at require (packages/modules-runtime.js:111:16)[39m
[34mW20170125-17:29:53.398(2)? (STDERR) [39m[35m    at /var/www/webapps/jobcrawler/.meteor/local/build/programs/server/app/app.js:970:1[39m
[34mW20170125-17:29:53.399(2)? (STDERR) [39m[35m    at /var/www/webapps/jobcrawler/.meteor/local/build/programs/server/boot.js:295:34[39m
[34mW20170125-17:29:53.400(2)? (STDERR) [39m[35m    at Array.forEach (native)[39m
[34mW20170125-17:29:53.402(2)? (STDERR) [39m[35m    at Function._.each._.forEach (/home/eumb/.meteor/packages/meteor-tool/.1.4.2_3.17tso1e++os.linux.x86_64+web.browser+web.cordova/mt-os.linux.x86_64/dev_bundle/server-lib/node_modules/underscore/underscore.js:79:11)[39m
=> Exited with code: 1
=> Your application is crashing. Waiting for file change.
